<?xml version="1.0" encoding="UTF-8"?>
<!-- Generated by org.testng.reporters.JUnitReportReporter -->
<testsuite hostname="LAPTOP-ADMM49II" failures="0" tests="4" name="com.crm.qa.testcases.FreshWorksTest" time="71.059" errors="0" timestamp="08 Sep 2021 13:06:52 GMT" skipped="0">
  <testcase classname="com.crm.qa.testcases.FreshWorksTest" name="freshWorksTitleTest" time="9.624"/>
  <testcase classname="com.crm.qa.testcases.FreshWorksTest" name="freshWorksTitleTest" time="5.635"/>
  <testcase classname="com.crm.qa.testcases.FreshWorksTest" name="getFooterLinksTest" time="28.993"/>
  <testcase classname="com.crm.qa.testcases.FreshWorksTest" name="getFooterLinksTest" time="26.807"/>
</testsuite> <!-- com.crm.qa.testcases.FreshWorksTest -->
